<?xml version="1.0" encoding="UTF-8"?>
<testsuite name="SimpleJUnitTest" tests="1" skipped="0" failures="0" errors="0" timestamp="2026-04-22T00:22:31" hostname="DESKTOP-Q7TGFG6" time="5.672">
  <properties/>
  <testcase name="First test" classname="SimpleJUnitTest" time="5.672"/>
  <system-out><![CDATA[]]></system-out>
  <system-err><![CDATA[SLF4J: No SLF4J providers were found.
SLF4J: Defaulting to no-operation (NOP) logger implementation
SLF4J: See https://www.slf4j.org/codes.html#noProviders for further details.
SLF4J: Class path contains SLF4J bindings targeting slf4j-api versions 1.7.x or earlier.
SLF4J: Ignoring binding found at [jar:file:/C:/Users/Drondo/.gradle/caches/modules-2/files-2.1/org.slf4j/slf4j-simple/1.7.36/a41f9cfe6faafb2eb83a1c7dd2d0dfd844e2a936/slf4j-simple-1.7.36.jar!/org/slf4j/impl/StaticLoggerBinder.class]
SLF4J: See https://www.slf4j.org/codes.html#ignoredBindings for an explanation.
апр. 22, 2026 3:22:33 AM org.openqa.selenium.devtools.CdpVersionFinder findNearestMatch
WARNING: Unable to find CDP implementation matching 147
апр. 22, 2026 3:22:33 AM org.openqa.selenium.chromium.ChromiumDriver lambda$new$5
WARNING: Unable to find version of CDP to use for 147.0.7727.57. You may need to include a dependency on a specific version of the CDP using something similar to `org.seleniumhq.selenium:selenium-devtools-v86:4.13.0` where the version ("v86") matches the version of the chromium-based browser you're using and the version number of the artifact is the same as Selenium's.
]]></system-err>
</testsuite>
